Determining if the pthread_create exist failed with the following output:
Change Dir: /home/zrji/caffe-refactor/build4/CMakeFiles/CMakeTmp

Run Build Command:"/usr/bin/make" "cmTC_25db2/fast"
/usr/bin/make -f CMakeFiles/cmTC_25db2.dir/build.make CMakeFiles/cmTC_25db2.dir/build
make[1]: Entering directory '/home/zrji/caffe-refactor/build4/CMakeFiles/CMakeTmp'
Building C object CMakeFiles/cmTC_25db2.dir/CheckSymbolExists.c.o
/usr/bin/cc     -o CMakeFiles/cmTC_25db2.dir/CheckSymbolExists.c.o   -c /home/zrji/caffe-refactor/build4/CMakeFiles/CMakeTmp/CheckSymbolExists.c
Linking C executable cmTC_25db2
/usr/bin/cmake -E cmake_link_script CMakeFiles/cmTC_25db2.dir/link.txt --verbose=1
/usr/bin/cc       CMakeFiles/cmTC_25db2.dir/CheckSymbolExists.c.o  -o cmTC_25db2 -rdynamic 
CMakeFiles/cmTC_25db2.dir/CheckSymbolExists.c.o: In function `main':
CheckSymbolExists.c:(.text+0x16): undefined reference to `pthread_create'
collect2: error: ld returned 1 exit status
CMakeFiles/cmTC_25db2.dir/build.make:97: recipe for target 'cmTC_25db2' failed
make[1]: *** [cmTC_25db2] Error 1
make[1]: Leaving directory '/home/zrji/caffe-refactor/build4/CMakeFiles/CMakeTmp'
Makefile:126: recipe for target 'cmTC_25db2/fast' failed
make: *** [cmTC_25db2/fast] Error 2

File /home/zrji/caffe-refactor/build4/CMakeFiles/CMakeTmp/CheckSymbolExists.c:
/* */
#include <pthread.h>

int main(int argc, char** argv)
{
  (void)argv;
#ifndef pthread_create
  return ((int*)(&pthread_create))[argc];
#else
  (void)argc;
  return 0;
#endif
}

Determining if the function pthread_create exists in the pthreads failed with the following output:
Change Dir: /home/zrji/caffe-refactor/build4/CMakeFiles/CMakeTmp

Run Build Command:"/usr/bin/make" "cmTC_2b06e/fast"
/usr/bin/make -f CMakeFiles/cmTC_2b06e.dir/build.make CMakeFiles/cmTC_2b06e.dir/build
make[1]: Entering directory '/home/zrji/caffe-refactor/build4/CMakeFiles/CMakeTmp'
Building C object CMakeFiles/cmTC_2b06e.dir/CheckFunctionExists.c.o
/usr/bin/cc    -DCHECK_FUNCTION_EXISTS=pthread_create   -o CMakeFiles/cmTC_2b06e.dir/CheckFunctionExists.c.o   -c /usr/share/cmake-3.5/Modules/CheckFunctionExists.c
Linking C executable cmTC_2b06e
/usr/bin/cmake -E cmake_link_script CMakeFiles/cmTC_2b06e.dir/link.txt --verbose=1
/usr/bin/cc   -DCHECK_FUNCTION_EXISTS=pthread_create    CMakeFiles/cmTC_2b06e.dir/CheckFunctionExists.c.o  -o cmTC_2b06e -rdynamic -lpthreads 
/usr/bin/ld: cannot find -lpthreads
collect2: error: ld returned 1 exit status
CMakeFiles/cmTC_2b06e.dir/build.make:97: recipe for target 'cmTC_2b06e' failed
make[1]: *** [cmTC_2b06e] Error 1
make[1]: Leaving directory '/home/zrji/caffe-refactor/build4/CMakeFiles/CMakeTmp'
Makefile:126: recipe for target 'cmTC_2b06e/fast' failed
make: *** [cmTC_2b06e/fast] Error 2


